<?xml version="1.0" encoding="UTF-8"?>
<testsuite xmlns:xsi="http://www.w3.org/2001/XMLSchema-instance" xsi:noNamespaceSchemaLocation="https://maven.apache.org/surefire/maven-surefire-plugin/xsd/surefire-test-report.xsd" name="coverage.example.TestStar" time="0.008" tests="6" errors="0" skipped="0" failures="0">
  <properties>
[...]
</properties>
  <testcase name="testGetColor" classname="coverage.example.TestStar" time="0"/>
  <testcase name="testToString" classname="coverage.example.TestStar" time="0.003"/>
  <testcase name="testGetName" classname="coverage.example.TestStar" time="0"/>
  <testcase name="testGetPlanets" classname="coverage.example.TestStar" time="0"/>
  <testcase name="testSetName" classname="coverage.example.TestStar" time="0"/>
  <testcase name="testSetPlanets" classname="coverage.example.TestStar" time="0"/>
</testsuite>