<?xml version="1.0" encoding="UTF-8"?>
<testsuite xmlns:xsi="http://www.w3.org/2001/XMLSchema-instance" xsi:schemaLocation="https://maven.apache.org/surefire/maven-surefire-plugin/xsd/surefire-test-report.xsd" name="com.globallogic.bootcampgl.junitTest.AppTest" time="0.211" tests="7" errors="0" skipped="0" failures="3">
  <properties>
[...]
</properties>
  <testcase name="testVariablesStringModificado" classname="com.globallogic.bootcampgl.junitTest.AppTest" time="0.047">
    <failure message="expected: &lt;Hola&gt; but was: &lt;que&gt;" type="org.opentest4j.AssertionFailedError"><![CDATA[org.opentest4j.AssertionFailedError: expected: <Hola> but was: <que>
	at com.globallogic.bootcampgl.junitTest.AppTest.testVariablesStringModificado(AppTest.java:56)
]]></failure>
  </testcase>
  <testcase name="testLong" classname="com.globallogic.bootcampgl.junitTest.AppTest" time="0"/>
  <testcase name="testBoolean" classname="com.globallogic.bootcampgl.junitTest.AppTest" time="0.003"/>
  <testcase name="test" classname="com.globallogic.bootcampgl.junitTest.AppTest" time="0"/>
  <testcase name="testVariablesString" classname="com.globallogic.bootcampgl.junitTest.AppTest" time="0"/>
  <testcase name="testBooleanModificado" classname="com.globallogic.bootcampgl.junitTest.AppTest" time="0.007">
    <failure message="expected: &lt;false&gt; but was: &lt;true&gt;" type="org.opentest4j.AssertionFailedError"><![CDATA[org.opentest4j.AssertionFailedError: expected: <false> but was: <true>
	at com.globallogic.bootcampgl.junitTest.AppTest.testBooleanModificado(AppTest.java:65)
]]></failure>
  </testcase>
  <testcase name="testLongModificado" classname="com.globallogic.bootcampgl.junitTest.AppTest" time="0">
    <failure message="expected: not &lt;null&gt;" type="org.opentest4j.AssertionFailedError"><![CDATA[org.opentest4j.AssertionFailedError: expected: not <null>
	at com.globallogic.bootcampgl.junitTest.AppTest.testLongModificado(AppTest.java:73)
]]></failure>
  </testcase>
</testsuite>